0 info it worked if it ends with ok
1 verbose cli [ 'node', '/usr/local/bin/npm', 'publish' ]
2 info using npm@1.4.10
3 info using node@v0.10.28
4 verbose node symlink /usr/local/bin/node
5 verbose publish [ '.' ]
6 verbose cache add [ '.', null ]
7 verbose cache add name=undefined spec="." args=[".",null]
8 verbose parsed url { protocol: null,
8 verbose parsed url   slashes: null,
8 verbose parsed url   auth: null,
8 verbose parsed url   host: null,
8 verbose parsed url   port: null,
8 verbose parsed url   hostname: null,
8 verbose parsed url   hash: null,
8 verbose parsed url   search: null,
8 verbose parsed url   query: null,
8 verbose parsed url   pathname: '.',
8 verbose parsed url   path: '.',
8 verbose parsed url   href: '.' }
9 silly lockFile 3a52ce78- .
10 verbose lock . /Users/tom/.npm/3a52ce78-.lock
11 verbose tar pack [ '/var/folders/8x/ymhsg0yx6wg72fczb0fjm2_m0000gn/T/npm-9587-LLW4b6Lg/1408365260105-0.41287903231568635/tmp.tgz',
11 verbose tar pack   '.' ]
12 verbose tarball /var/folders/8x/ymhsg0yx6wg72fczb0fjm2_m0000gn/T/npm-9587-LLW4b6Lg/1408365260105-0.41287903231568635/tmp.tgz
13 verbose folder .
14 info prepublish source-processor@0.0.1
15 verbose unsafe-perm in lifecycle true
16 silly lockFile 1f1177db-tar tar://.
17 verbose lock tar://. /Users/tom/.npm/1f1177db-tar.lock
18 silly lockFile d8b02fb1-0105-0-41287903231568635-tmp-tgz tar:///var/folders/8x/ymhsg0yx6wg72fczb0fjm2_m0000gn/T/npm-9587-LLW4b6Lg/1408365260105-0.41287903231568635/tmp.tgz
19 verbose lock tar:///var/folders/8x/ymhsg0yx6wg72fczb0fjm2_m0000gn/T/npm-9587-LLW4b6Lg/1408365260105-0.41287903231568635/tmp.tgz /Users/tom/.npm/d8b02fb1-0105-0-41287903231568635-tmp-tgz.lock
20 silly lockFile 1f1177db-tar tar://.
21 silly lockFile 1f1177db-tar tar://.
22 silly lockFile d8b02fb1-0105-0-41287903231568635-tmp-tgz tar:///var/folders/8x/ymhsg0yx6wg72fczb0fjm2_m0000gn/T/npm-9587-LLW4b6Lg/1408365260105-0.41287903231568635/tmp.tgz
23 silly lockFile d8b02fb1-0105-0-41287903231568635-tmp-tgz tar:///var/folders/8x/ymhsg0yx6wg72fczb0fjm2_m0000gn/T/npm-9587-LLW4b6Lg/1408365260105-0.41287903231568635/tmp.tgz
24 verbose tar unpack /var/folders/8x/ymhsg0yx6wg72fczb0fjm2_m0000gn/T/npm-9587-LLW4b6Lg/1408365260105-0.41287903231568635/tmp.tgz
25 silly lockFile 37c93d49-m-source-processor-0-0-1-package tar:///Users/tom/.npm/source-processor/0.0.1/package
26 verbose lock tar:///Users/tom/.npm/source-processor/0.0.1/package /Users/tom/.npm/37c93d49-m-source-processor-0-0-1-package.lock
27 silly lockFile d8b02fb1-0105-0-41287903231568635-tmp-tgz tar:///var/folders/8x/ymhsg0yx6wg72fczb0fjm2_m0000gn/T/npm-9587-LLW4b6Lg/1408365260105-0.41287903231568635/tmp.tgz
28 verbose lock tar:///var/folders/8x/ymhsg0yx6wg72fczb0fjm2_m0000gn/T/npm-9587-LLW4b6Lg/1408365260105-0.41287903231568635/tmp.tgz /Users/tom/.npm/d8b02fb1-0105-0-41287903231568635-tmp-tgz.lock
29 silly gunzTarPerm modes [ '755', '644' ]
30 silly gunzTarPerm extractEntry package.json
31 silly gunzTarPerm extractEntry .npmignore
32 silly gunzTarPerm extractEntry README.md
33 silly gunzTarPerm extractEntry Gruntfile.js
34 silly gunzTarPerm extractEntry index.js
35 silly gunzTarPerm extractEntry CONTRIBUTING.md
36 silly gunzTarPerm extractEntry index.d.ts
37 silly gunzTarPerm extractEntry src/error.js
38 silly gunzTarPerm extractEntry src/js-yaml.js
39 silly gunzTarPerm extractEntry src/json-parser.js
40 silly gunzTarPerm extractEntry src/source-processor.js
41 silly gunzTarPerm extractEntry src/error.ts
42 silly gunzTarPerm extractEntry src/js-yaml/common.js
43 silly gunzTarPerm extractEntry src/js-yaml/dumper.js
44 silly gunzTarPerm extractEntry src/js-yaml/exception.js
45 silly gunzTarPerm extractEntry src/js-yaml/loader.js
46 silly gunzTarPerm extractEntry src/js-yaml/mark.js
47 silly gunzTarPerm extractEntry src/js-yaml/schema.js
48 silly gunzTarPerm extractEntry src/js-yaml/type.js
49 silly gunzTarPerm extractEntry src/js-yaml/schema/core.js
50 silly gunzTarPerm extractEntry src/js-yaml/schema/default_full.js
51 silly gunzTarPerm extractEntry src/js-yaml/schema/default_safe.js
52 silly gunzTarPerm extractEntry src/js-yaml/schema/failsafe.js
53 silly gunzTarPerm extractEntry src/js-yaml/schema/json.js
54 silly gunzTarPerm extractEntry src/js-yaml/type/binary.js
55 silly gunzTarPerm extractEntry src/js-yaml/type/int.js
56 silly gunzTarPerm extractEntry src/js-yaml/type/str.js
57 silly gunzTarPerm extractEntry src/js-yaml/type/map.js
58 silly gunzTarPerm extractEntry src/js-yaml/type/float.js
59 silly gunzTarPerm extractEntry src/js-yaml/type/bool.js
60 silly gunzTarPerm extractEntry src/js-yaml/type/omap.js
61 silly gunzTarPerm extractEntry src/js-yaml/type/pairs.js
62 silly gunzTarPerm extractEntry src/js-yaml/type/seq.js
63 silly gunzTarPerm extractEntry src/js-yaml/type/set.js
64 silly gunzTarPerm extractEntry src/js-yaml/type/merge.js
65 silly gunzTarPerm extractEntry src/js-yaml/type/timestamp.js
66 silly gunzTarPerm extractEntry src/js-yaml/type/null.js
67 silly gunzTarPerm extractEntry src/js-yaml/type/js/function.js
68 silly gunzTarPerm extractEntry src/js-yaml/type/js/regexp.js
69 silly gunzTarPerm extractEntry src/js-yaml/type/js/undefined.js
70 silly gunzTarPerm extractEntry src/source-processor.ts
71 silly gunzTarPerm extractEntry src/util/Collections.js
72 silly gunzTarPerm extractEntry src/util/Collections.ts
73 silly gunzTarPerm extractEntry test/source-processor_test.js
74 silly gunzTarPerm extractEntry types/js-yaml.d.ts
75 silly gunzTarPerm extractEntry types/node.d.ts
76 silly gunzTarPerm extractEntry types/nodeunit.d.ts
77 silly gunzTarPerm extractEntry types/tv4.d.ts
78 silly lockFile 37c93d49-m-source-processor-0-0-1-package tar:///Users/tom/.npm/source-processor/0.0.1/package
79 silly lockFile 37c93d49-m-source-processor-0-0-1-package tar:///Users/tom/.npm/source-processor/0.0.1/package
80 silly lockFile d8b02fb1-0105-0-41287903231568635-tmp-tgz tar:///var/folders/8x/ymhsg0yx6wg72fczb0fjm2_m0000gn/T/npm-9587-LLW4b6Lg/1408365260105-0.41287903231568635/tmp.tgz
81 silly lockFile d8b02fb1-0105-0-41287903231568635-tmp-tgz tar:///var/folders/8x/ymhsg0yx6wg72fczb0fjm2_m0000gn/T/npm-9587-LLW4b6Lg/1408365260105-0.41287903231568635/tmp.tgz
82 silly lockFile 3a52ce78- .
83 silly lockFile 3a52ce78- .
84 silly publish { name: 'source-processor',
84 silly publish   version: '0.0.1',
84 silly publish   description: 'Track the textual position of json elements within a text, and validate a json against a JSON schema, with colomn and row error reporting',
84 silly publish   keywords: [ 'jquery-plugin' ],
84 silly publish   homepage: 'https://github.com/tomlarkworthy/source-processor',
84 silly publish   bugs: { url: 'https://github.com/firebase/source-processor/issues' },
84 silly publish   author:
84 silly publish    { name: 'Tom Larkworthy',
84 silly publish      email: 'tlarkworthy@firebase.com',
84 silly publish      url: 'firebase.com' },
84 silly publish   repository:
84 silly publish    { type: 'git',
84 silly publish      url: 'https://github.com/firebase/source-processor' },
84 silly publish   scripts: { prepublish: 'grunt compile' },
84 silly publish   licenses: [ { type: 'MIT' } ],
84 silly publish   devDependencies:
84 silly publish    { 'grunt-contrib-clean': '~0.5.0',
84 silly publish      'grunt-contrib-concat': '~0.3.0',
84 silly publish      'grunt-contrib-jshint': '~0.6.0',
84 silly publish      'grunt-contrib-nodeunit': '~0.1.0',
84 silly publish      'grunt-contrib-qunit': '~0.2.2',
84 silly publish      'grunt-contrib-uglify': '~0.2.2',
84 silly publish      'grunt-contrib-watch': '~0.5.2',
84 silly publish      'grunt-typescript': '0.3.5',
84 silly publish      'grunt-typescript-export': '^0.1.0',
84 silly publish      'jshint-stylish': '~0.1.3',
84 silly publish      'load-grunt-tasks': '~0.2.0',
84 silly publish      'source-map-support': '0.2.7',
84 silly publish      'time-grunt': '~0.1.0',
84 silly publish      'typescript-tpm': '^0.1.7' },
84 silly publish   readme: '# json-validation\n\nTrack the textual position of json/yaml elements within a text, and validate a json against a JSON schema, with column and row error reporting\n\n## Getting Started\n### On the server\nInstall the module with: `npm install source-processor`\n\n```javascript\nvar json-validation = require(\'source-processor\');\nsource-processor.awesome(); // "awesome"\n```\n\n### In the browser\nDownload the [production version][min] or the [development version][max].\n\n[min]: https://raw.github.com/firebase/json-validation/master/dist/json-validation.min.js\n[max]: https://raw.github.com/firebase/json-validation/master/dist/json-validation.js\n\nIn your web page:\n\n```html\n<script src="dist/json-validation.min.js"></script>\n<script>\nawesome(); // "awesome"\n</script>\n```\n\nIn your code, you can attach json-validation\'s methods to any object.\n\n```html\n<script>\nvar exports = Yeoman.utils;\n</script>\n<script src="dist/json-validation.min.js"></script>\n<script>\nYeoman.utils.awesome(); // "awesome"\n</script>\n```\n\n## Documentation\n_(Coming soon)_\n\n## Examples\n_(Coming soon)_\n\n## Contributing\nIn lieu of a formal styleguide, take care to maintain the existing coding style. Add unit tests for any new or changed functionality. Lint and test your code using [Grunt](http://gruntjs.com/).\n\n_Also, please don\'t edit files in the "dist" subdirectory as they are generated via Grunt. You\'ll find source code in the "lib" subdirectory!_\n\n## Release History\n_(Nothing yet)_\n\n## License\n \n Copyright (c) 2014 Firebase. Licensed under the MIT license.\n',
84 silly publish   readmeFilename: 'README.md',
84 silly publish   _id: 'source-processor@0.0.1',
84 silly publish   _shasum: '2da7db4d9bd84dc9a4a51d3f07fa138393fa3ebb',
84 silly publish   _from: '.' }
85 verbose url raw source-processor
86 verbose url resolving [ 'https://registry.npmjs.org/', './source-processor' ]
87 verbose url resolved https://registry.npmjs.org/source-processor
88 info trying registry request attempt 1 at 13:34:22
89 http PUT https://registry.npmjs.org/source-processor
90 http 403 https://registry.npmjs.org/source-processor
91 verbose headers { date: 'Mon, 18 Aug 2014 12:34:24 GMT',
91 verbose headers   server: 'CouchDB/1.5.0 (Erlang OTP/R14B04)',
91 verbose headers   'content-type': 'application/json',
91 verbose headers   'cache-control': 'max-age=60',
91 verbose headers   'content-length': '5135',
91 verbose headers   'accept-ranges': 'bytes',
91 verbose headers   via: '1.1 varnish',
91 verbose headers   'x-served-by': 'cache-lcy1133-LCY',
91 verbose headers   'x-cache': 'MISS',
91 verbose headers   'x-cache-hits': '0',
91 verbose headers   'x-timer': 'S1408365263.103293,VS0,VE1066',
91 verbose headers   'keep-alive': 'timeout=10, max=50',
91 verbose headers   connection: 'Keep-Alive' }
92 error publish Failed PUT 403
93 error Error: forbidden cannot modify pre-existing version: 0.0.1
93 error old={"name":"source-processor","version":"0.0.1","description":"Track the textual position of json elements within a text, and validate a json against a JSON schema, with colomn and row error reporting","keywords":["jquery-plugin"],"homepage":"https://github.com/tomlarkworthy/source-processor","bugs":{"url":"https://github.com/firebase/source-processor/issues"},"author":{"name":"Tom Larkworthy","email":"tlarkworthy@firebase.com","url":"firebase.com"},"repository":{"type":"git","url":"https://github.com/firebase/source-processor"},"licenses":[{"type":"MIT"}],"devDependencies":{"grunt-contrib-jshint":"~0.6.0","grunt-contrib-qunit":"~0.2.2","grunt-contrib-concat":"~0.3.0","grunt-contrib-uglify":"~0.2.2","grunt-contrib-watch":"~0.5.2","grunt-contrib-clean":"~0.5.0","grunt-contrib-nodeunit":"~0.2.0","time-grunt":"~0.1.0","load-grunt-tasks":"~0.2.0","jshint-stylish":"~0.1.3","source-map-support":"0.2.7"},"_id":"source-processor@0.0.1","_shasum":"d09609f70ab1a77e266a1075759bd0a2336ae2f6","_from":".","_npmVersion":"1.4.10","_npmUser":{"name":"tomlarkworthy","email":"tom.larkworthy@gmail.com"},"maintainers":[{"name":"tomlarkworthy","email":"tom.larkworthy@gmail.com"}],"dist":{"shasum":"d09609f70ab1a77e266a1075759bd0a2336ae2f6","tarball":"http://registry.npmjs.org/source-processor/-/source-processor-0.0.1.tgz"}}
93 error new={"name":"source-processor","version":"0.0.1","description":"Track the textual position of json elements within a text, and validate a json against a JSON schema, with colomn and row error reporting","keywords":["jquery-plugin"],"homepage":"https://github.com/tomlarkworthy/source-processor","bugs":{"url":"https://github.com/firebase/source-processor/issues"},"author":{"name":"Tom Larkworthy","email":"tlarkworthy@firebase.com","url":"firebase.com"},"repository":{"type":"git","url":"https://github.com/firebase/source-processor"},"scripts":{"prepublish":"grunt compile"},"licenses":[{"type":"MIT"}],"devDependencies":{"grunt-contrib-clean":"~0.5.0","grunt-contrib-concat":"~0.3.0","grunt-contrib-jshint":"~0.6.0","grunt-contrib-nodeunit":"~0.1.0","grunt-contrib-qunit":"~0.2.2","grunt-contrib-uglify":"~0.2.2","grunt-contrib-watch":"~0.5.2","grunt-typescript":"0.3.5","grunt-typescript-export":"^0.1.0","jshint-stylish":"~0.1.3","load-grunt-tasks":"~0.2.0","source-map-support":"0.2.7","time-grunt":"~0.1.0","typescript-tpm":"^0.1.7"},"readme":"# json-validation\u000a\u000aTrack the textual position of json/yaml elements within a text, and validate a json against a JSON schema, with column and row error reporting\u000a\u000a## Getting Started\u000a### On the server\u000aInstall the module with: `npm install source-processor`\u000a\u000a```javascript\u000avar json-validation = require('source-processor');\u000asource-processor.awesome(); // \"awesome\"\u000a```\u000a\u000a### In the browser\u000aDownload the [production version][min] or the [development version][max].\u000a\u000a[min]: https://raw.github.com/firebase/json-validation/master/dist/json-validation.min.js\u000a[max]: https://raw.github.com/firebase/json-validation/master/dist/json-validation.js\u000a\u000aIn your web page:\u000a\u000a```html\u000a<script src=\"dist/json-validation.min.js\"></script>\u000a<script>\u000aawesome(); // \"awesome\"\u000a</script>\u000a```\u000a\u000aIn your code, you can attach json-validation's methods to any object.\u000a\u000a```html\u000a<script>\u000avar exports = Yeoman.utils;\u000a</script>\u000a<script src=\"dist/json-validation.min.js\"></script>\u000a<script>\u000aYeoman.utils.awesome(); // \"awesome\"\u000a</script>\u000a```\u000a\u000a## Documentation\u000a_(Coming soon)_\u000a\u000a## Examples\u000a_(Coming soon)_\u000a\u000a## Contributing\u000aIn lieu of a formal styleguide, take care to maintain the existing coding style. Add unit tests for any new or changed functionality. Lint and test your code using [Grunt](http://gruntjs.com/).\u000a\u000a_Also, please don't edit files in the \"dist\" subdirectory as they are generated via Grunt. You'll find source code in the \"lib\" subdirectory!_\u000a\u000a## Release History\u000a_(Nothing yet)_\u000a\u000a## License\u000a \u000a Copyright (c) 2014 Firebase. Licensed under the MIT license.\u000a","readmeFilename":"README.md","_id":"source-processor@0.0.1","_shasum":"2da7db4d9bd84dc9a4a51d3f07fa138393fa3ebb","_from":".","_npmVersion":"1.4.10","_npmUser":{"name":"tomlarkworthy","email":"tom.larkworthy@gmail.com"},"maintainers":[{"name":"tomlarkworthy","email":"tom.larkworthy@gmail.com"}],"dist":{"shasum":"2da7db4d9bd84dc9a4a51d3f07fa138393fa3ebb","tarball":"http://registry.npmjs.org/source-processor/-/source-processor-0.0.1.tgz"}}: source-processor
93 error     at RegClient.<anonymous> (/usr/local/lib/node_modules/npm/node_modules/npm-registry-client/lib/request.js:273:14)
93 error     at Request._callback (/usr/local/lib/node_modules/npm/node_modules/npm-registry-client/lib/request.js:211:65)
93 error     at Request.self.callback (/usr/local/lib/node_modules/npm/node_modules/request/request.js:123:22)
93 error     at Request.EventEmitter.emit (events.js:98:17)
93 error     at Request.<anonymous> (/usr/local/lib/node_modules/npm/node_modules/request/request.js:893:14)
93 error     at Request.EventEmitter.emit (events.js:117:20)
93 error     at IncomingMessage.<anonymous> (/usr/local/lib/node_modules/npm/node_modules/request/request.js:844:12)
93 error     at IncomingMessage.EventEmitter.emit (events.js:117:20)
93 error     at _stream_readable.js:919:16
93 error     at process._tickCallback (node.js:419:13)
94 error If you need help, you may report this *entire* log,
94 error including the npm and node versions, at:
94 error     <http://github.com/npm/npm/issues>
95 error System Darwin 13.3.0
96 error command "node" "/usr/local/bin/npm" "publish"
97 error cwd /Users/tom/dev/json-validation
98 error node -v v0.10.28
99 error npm -v 1.4.10
100 verbose exit [ 1, true ]
